<?xml version="1.0" encoding="UTF-8"?>
<!-- Generated by org.testng.reporters.JUnitReportReporter -->
<testsuite hostname="JBUS" failures="0" tests="2" name="tests.RegressionTest" time="6.608" errors="0" timestamp="2022-11-06T13:51:21 IST" skipped="1">
  <testcase classname="tests.RegressionTest" name="ValidateLoginTest" time="6.608"/>
  <system-out/>
  <testcase classname="tests.RegressionTest" name="ValidateUsertest">
    <skipped/>
  </testcase> <!-- ValidateUsertest -->
  <system-out/>
</testsuite> <!-- tests.RegressionTest -->
