<?xml version="1.0" encoding="UTF-8"?>
<!-- Generated by org.testng.reporters.JUnitReportReporter -->
<testsuite hostname="DESKTOP-4DE5P58" failures="0" tests="2" name="tests.RegressionTest" time="58.807" errors="0" timestamp="2022-03-15T09:09:06 IST" skipped="1">
  <testcase classname="tests.RegressionTest" name="ValidateLoginTest" time="58.807"/>
  <system-out/>
  <testcase classname="tests.RegressionTest" name="ValidateUsertest">
    <skipped/>
  </testcase> <!-- ValidateUsertest -->
  <system-out/>
</testsuite> <!-- tests.RegressionTest -->
